mode: set
github.com/delapaska/avito-rent/cmd/main.go:14.13,16.16 2 0
github.com/delapaska/avito-rent/cmd/main.go:16.16,18.3 1 0
github.com/delapaska/avito-rent/cmd/main.go:19.2,25.16 3 0
github.com/delapaska/avito-rent/cmd/main.go:25.16,27.3 1 0
github.com/delapaska/avito-rent/cmd/main.go:29.2,32.11 4 0
github.com/delapaska/avito-rent/cmd/main.go:36.30,39.16 2 0
github.com/delapaska/avito-rent/cmd/main.go:39.16,41.3 1 0
github.com/delapaska/avito-rent/cmd/main.go:42.2,42.43 1 0
github.com/delapaska/avito-rent/cmd/api/api.go:19.42,42.2 14 0
github.com/delapaska/avito-rent/cmd/api/api.go:44.27,47.2 1 0
github.com/delapaska/avito-rent/configs/envs.go:24.26,36.2 2 0
github.com/delapaska/avito-rent/configs/envs.go:38.42,39.40 1 0
github.com/delapaska/avito-rent/configs/envs.go:39.40,41.3 1 0
github.com/delapaska/avito-rent/configs/envs.go:43.2,43.17 1 0
github.com/delapaska/avito-rent/configs/envs.go:46.52,47.40 1 0
github.com/delapaska/avito-rent/configs/envs.go:47.40,49.17 2 0
github.com/delapaska/avito-rent/configs/envs.go:49.17,51.4 1 0
github.com/delapaska/avito-rent/configs/envs.go:53.3,53.11 1 0
github.com/delapaska/avito-rent/configs/envs.go:56.2,56.17 1 0
github.com/delapaska/avito-rent/db/db.go:10.62,12.16 2 0
github.com/delapaska/avito-rent/db/db.go:12.16,14.3 1 0
github.com/delapaska/avito-rent/db/db.go:15.2,15.16 1 0
github.com/delapaska/avito-rent/cmd/migrate/main.go:16.13,18.16 2 0
github.com/delapaska/avito-rent/cmd/migrate/main.go:18.16,20.3 1 0
github.com/delapaska/avito-rent/cmd/migrate/main.go:21.2,26.16 3 0
github.com/delapaska/avito-rent/cmd/migrate/main.go:26.16,28.3 1 0
github.com/delapaska/avito-rent/cmd/migrate/main.go:29.2,32.16 3 0
github.com/delapaska/avito-rent/cmd/migrate/main.go:32.16,34.3 1 0
github.com/delapaska/avito-rent/cmd/migrate/main.go:36.2,40.16 2 0
github.com/delapaska/avito-rent/cmd/migrate/main.go:40.16,43.3 1 0
github.com/delapaska/avito-rent/cmd/migrate/main.go:44.2,47.17 4 0
github.com/delapaska/avito-rent/cmd/migrate/main.go:47.17,49.62 1 0
github.com/delapaska/avito-rent/cmd/migrate/main.go:49.62,51.4 1 0
github.com/delapaska/avito-rent/cmd/migrate/main.go:53.2,53.19 1 0
github.com/delapaska/avito-rent/cmd/migrate/main.go:53.19,54.64 1 0
github.com/delapaska/avito-rent/cmd/migrate/main.go:54.64,56.4 1 0
github.com/delapaska/avito-rent/middleware/auth.go:16.69,18.16 2 0
github.com/delapaska/avito-rent/middleware/auth.go:18.16,20.3 1 0
github.com/delapaska/avito-rent/middleware/auth.go:22.2,31.59 3 0
github.com/delapaska/avito-rent/middleware/auth.go:34.61,35.30 1 0
github.com/delapaska/avito-rent/middleware/auth.go:35.30,38.23 3 0
github.com/delapaska/avito-rent/middleware/auth.go:38.23,47.4 4 0
github.com/delapaska/avito-rent/middleware/auth.go:49.3,51.102 3 0
github.com/delapaska/avito-rent/middleware/auth.go:51.102,53.4 1 0
github.com/delapaska/avito-rent/middleware/auth.go:55.3,55.33 1 0
github.com/delapaska/avito-rent/middleware/auth.go:55.33,64.4 4 0
github.com/delapaska/avito-rent/middleware/auth.go:66.3,66.37 1 0
github.com/delapaska/avito-rent/middleware/auth.go:66.37,67.31 1 0
github.com/delapaska/avito-rent/middleware/auth.go:67.31,69.19 2 0
github.com/delapaska/avito-rent/middleware/auth.go:69.19,77.6 3 0
github.com/delapaska/avito-rent/middleware/auth.go:78.5,81.11 4 0
github.com/delapaska/avito-rent/middleware/auth.go:85.3,90.12 2 0
github.com/delapaska/avito-rent/middleware/password.go:5.52,7.16 2 0
github.com/delapaska/avito-rent/middleware/password.go:7.16,9.3 1 0
github.com/delapaska/avito-rent/middleware/password.go:10.2,10.26 1 0
github.com/delapaska/avito-rent/middleware/password.go:13.57,16.2 2 0
github.com/delapaska/avito-rent/middleware/request.go:10.42,11.30 1 0
github.com/delapaska/avito-rent/middleware/request.go:11.30,18.3 6 0
github.com/delapaska/avito-rent/middleware/role.go:5.39,6.53 1 0
github.com/delapaska/avito-rent/middleware/role.go:6.53,8.3 1 0
github.com/delapaska/avito-rent/middleware/role.go:9.2,9.12 1 0
github.com/delapaska/avito-rent/middleware/status.go:15.37,18.2 2 0
github.com/delapaska/avito-rent/sender/sender.go:13.20,15.2 1 0
github.com/delapaska/avito-rent/sender/sender.go:17.89,23.39 4 0
github.com/delapaska/avito-rent/sender/sender.go:23.39,25.3 1 0
github.com/delapaska/avito-rent/sender/sender.go:27.2,29.12 2 0
github.com/delapaska/avito-rent/service/dummyAuth/routes.go:19.51,21.2 1 0
github.com/delapaska/avito-rent/service/dummyAuth/routes.go:23.54,28.2 2 0
github.com/delapaska/avito-rent/service/dummyAuth/routes.go:30.52,34.53 3 0
github.com/delapaska/avito-rent/service/dummyAuth/routes.go:34.53,43.3 3 0
github.com/delapaska/avito-rent/service/dummyAuth/routes.go:45.2,45.55 1 0
github.com/delapaska/avito-rent/service/dummyAuth/routes.go:45.55,54.3 4 0
github.com/delapaska/avito-rent/service/dummyAuth/routes.go:56.2,59.16 3 0
github.com/delapaska/avito-rent/service/dummyAuth/routes.go:59.16,67.3 3 0
github.com/delapaska/avito-rent/service/dummyAuth/routes.go:69.2,69.64 1 0
github.com/delapaska/avito-rent/service/dummyAuth/store.go:11.34,13.2 1 0
github.com/delapaska/avito-rent/service/auth/routes.go:20.50,22.2 1 0
github.com/delapaska/avito-rent/service/auth/routes.go:24.54,29.2 2 0
github.com/delapaska/avito-rent/service/auth/routes.go:31.47,33.53 2 0
github.com/delapaska/avito-rent/service/auth/routes.go:33.53,36.3 2 0
github.com/delapaska/avito-rent/service/auth/routes.go:38.2,38.55 1 0
github.com/delapaska/avito-rent/service/auth/routes.go:38.55,42.3 3 0
github.com/delapaska/avito-rent/service/auth/routes.go:44.2,45.16 2 0
github.com/delapaska/avito-rent/service/auth/routes.go:45.16,48.3 2 0
github.com/delapaska/avito-rent/service/auth/routes.go:50.2,50.72 1 0
github.com/delapaska/avito-rent/service/auth/routes.go:50.72,53.3 2 0
github.com/delapaska/avito-rent/service/auth/routes.go:55.2,56.16 2 0
github.com/delapaska/avito-rent/service/auth/routes.go:56.16,59.3 2 0
github.com/delapaska/avito-rent/service/auth/routes.go:61.2,61.58 1 0
github.com/delapaska/avito-rent/service/auth/routes.go:63.50,65.53 2 0
github.com/delapaska/avito-rent/service/auth/routes.go:65.53,68.3 2 0
github.com/delapaska/avito-rent/service/auth/routes.go:70.2,70.55 1 0
github.com/delapaska/avito-rent/service/auth/routes.go:70.55,74.3 3 0
github.com/delapaska/avito-rent/service/auth/routes.go:76.2,77.16 2 0
github.com/delapaska/avito-rent/service/auth/routes.go:77.16,80.3 2 0
github.com/delapaska/avito-rent/service/auth/routes.go:81.2,82.36 2 0
github.com/delapaska/avito-rent/service/auth/routes.go:82.36,85.3 2 0
github.com/delapaska/avito-rent/service/auth/routes.go:87.2,88.16 2 0
github.com/delapaska/avito-rent/service/auth/routes.go:88.16,91.3 2 0
github.com/delapaska/avito-rent/service/auth/routes.go:93.2,101.16 3 0
github.com/delapaska/avito-rent/service/auth/routes.go:101.16,104.3 2 0
github.com/delapaska/avito-rent/service/auth/routes.go:106.2,108.4 1 0
github.com/delapaska/avito-rent/service/auth/store.go:16.34,18.2 1 0
github.com/delapaska/avito-rent/service/auth/store.go:20.60,29.16 3 0
github.com/delapaska/avito-rent/service/auth/store.go:29.16,31.3 1 0
github.com/delapaska/avito-rent/service/auth/store.go:32.2,32.18 1 0
github.com/delapaska/avito-rent/service/auth/store.go:34.68,41.16 5 0
github.com/delapaska/avito-rent/service/auth/store.go:41.16,42.27 1 0
github.com/delapaska/avito-rent/service/auth/store.go:42.27,44.4 1 0
github.com/delapaska/avito-rent/service/auth/store.go:45.3,45.18 1 0
github.com/delapaska/avito-rent/service/auth/store.go:48.2,48.15 1 0
github.com/delapaska/avito-rent/service/auth/store.go:51.65,58.16 6 0
github.com/delapaska/avito-rent/service/auth/store.go:58.16,59.27 1 0
github.com/delapaska/avito-rent/service/auth/store.go:59.27,61.4 1 0
github.com/delapaska/avito-rent/service/auth/store.go:62.3,62.18 1 0
github.com/delapaska/avito-rent/service/auth/store.go:65.2,65.15 1 0
github.com/delapaska/avito-rent/service/auth/store.go:68.52,74.16 3 0
github.com/delapaska/avito-rent/service/auth/store.go:74.16,76.3 1 0
github.com/delapaska/avito-rent/service/auth/store.go:78.2,78.12 1 0
github.com/delapaska/avito-rent/configs/envs.go:24.26,36.2 2 1
github.com/delapaska/avito-rent/configs/envs.go:38.42,39.40 1 1
github.com/delapaska/avito-rent/configs/envs.go:39.40,41.3 1 0
github.com/delapaska/avito-rent/configs/envs.go:43.2,43.17 1 1
github.com/delapaska/avito-rent/configs/envs.go:46.52,47.40 1 0
github.com/delapaska/avito-rent/configs/envs.go:47.40,49.17 2 0
github.com/delapaska/avito-rent/configs/envs.go:49.17,51.4 1 0
github.com/delapaska/avito-rent/configs/envs.go:53.3,53.11 1 0
github.com/delapaska/avito-rent/configs/envs.go:56.2,56.17 1 0
github.com/delapaska/avito-rent/middleware/auth.go:16.69,18.16 2 0
github.com/delapaska/avito-rent/middleware/auth.go:18.16,20.3 1 0
github.com/delapaska/avito-rent/middleware/auth.go:22.2,31.59 3 0
github.com/delapaska/avito-rent/middleware/auth.go:34.61,35.30 1 0
github.com/delapaska/avito-rent/middleware/auth.go:35.30,38.23 3 0
github.com/delapaska/avito-rent/middleware/auth.go:38.23,47.4 4 0
github.com/delapaska/avito-rent/middleware/auth.go:49.3,51.102 3 0
github.com/delapaska/avito-rent/middleware/auth.go:51.102,53.4 1 0
github.com/delapaska/avito-rent/middleware/auth.go:55.3,55.33 1 0
github.com/delapaska/avito-rent/middleware/auth.go:55.33,64.4 4 0
github.com/delapaska/avito-rent/middleware/auth.go:66.3,66.37 1 0
github.com/delapaska/avito-rent/middleware/auth.go:66.37,67.31 1 0
github.com/delapaska/avito-rent/middleware/auth.go:67.31,69.19 2 0
github.com/delapaska/avito-rent/middleware/auth.go:69.19,77.6 3 0
github.com/delapaska/avito-rent/middleware/auth.go:78.5,81.11 4 0
github.com/delapaska/avito-rent/middleware/auth.go:85.3,90.12 2 0
github.com/delapaska/avito-rent/middleware/password.go:5.52,7.16 2 0
github.com/delapaska/avito-rent/middleware/password.go:7.16,9.3 1 0
github.com/delapaska/avito-rent/middleware/password.go:10.2,10.26 1 0
github.com/delapaska/avito-rent/middleware/password.go:13.57,16.2 2 0
github.com/delapaska/avito-rent/middleware/request.go:10.42,11.30 1 0
github.com/delapaska/avito-rent/middleware/request.go:11.30,18.3 6 0
github.com/delapaska/avito-rent/middleware/role.go:5.39,6.53 1 0
github.com/delapaska/avito-rent/middleware/role.go:6.53,8.3 1 0
github.com/delapaska/avito-rent/middleware/role.go:9.2,9.12 1 0
github.com/delapaska/avito-rent/middleware/status.go:15.37,18.2 2 0
github.com/delapaska/avito-rent/service/flat/routes.go:19.50,21.2 1 0
github.com/delapaska/avito-rent/service/flat/routes.go:23.54,27.2 3 0
github.com/delapaska/avito-rent/service/flat/routes.go:27.2,30.3 1 0
github.com/delapaska/avito-rent/service/flat/routes.go:31.2,33.2 3 0
github.com/delapaska/avito-rent/service/flat/routes.go:33.2,35.3 1 0
github.com/delapaska/avito-rent/service/flat/routes.go:39.52,42.53 3 1
github.com/delapaska/avito-rent/service/flat/routes.go:42.53,51.3 3 1
github.com/delapaska/avito-rent/service/flat/routes.go:53.2,53.55 1 1
github.com/delapaska/avito-rent/service/flat/routes.go:53.55,62.3 4 1
github.com/delapaska/avito-rent/service/flat/routes.go:64.2,69.16 2 1
github.com/delapaska/avito-rent/service/flat/routes.go:69.16,77.3 3 1
github.com/delapaska/avito-rent/service/flat/routes.go:79.2,79.41 1 1
github.com/delapaska/avito-rent/service/flat/routes.go:82.58,86.13 4 0
github.com/delapaska/avito-rent/service/flat/routes.go:86.13,93.3 2 0
github.com/delapaska/avito-rent/service/flat/routes.go:95.2,96.9 2 0
github.com/delapaska/avito-rent/service/flat/routes.go:96.9,103.3 2 0
github.com/delapaska/avito-rent/service/flat/routes.go:105.2,105.53 1 0
github.com/delapaska/avito-rent/service/flat/routes.go:105.53,108.3 2 0
github.com/delapaska/avito-rent/service/flat/routes.go:110.2,110.43 1 0
github.com/delapaska/avito-rent/service/flat/routes.go:110.43,117.3 2 0
github.com/delapaska/avito-rent/service/flat/routes.go:119.2,120.16 2 0
github.com/delapaska/avito-rent/service/flat/routes.go:120.16,127.3 2 0
github.com/delapaska/avito-rent/service/flat/routes.go:129.2,133.4 1 0
github.com/delapaska/avito-rent/service/flat/store.go:16.34,18.2 1 1
github.com/delapaska/avito-rent/service/flat/store.go:19.67,22.16 2 1
github.com/delapaska/avito-rent/service/flat/store.go:22.16,25.3 2 1
github.com/delapaska/avito-rent/service/flat/store.go:26.2,41.16 5 1
github.com/delapaska/avito-rent/service/flat/store.go:41.16,44.3 2 1
github.com/delapaska/avito-rent/service/flat/store.go:46.2,52.16 3 1
github.com/delapaska/avito-rent/service/flat/store.go:52.16,55.3 2 1
github.com/delapaska/avito-rent/service/flat/store.go:57.2,57.36 1 1
github.com/delapaska/avito-rent/service/flat/store.go:57.36,60.3 2 0
github.com/delapaska/avito-rent/service/flat/store.go:62.2,62.26 1 1
github.com/delapaska/avito-rent/service/flat/store.go:65.106,67.16 2 0
github.com/delapaska/avito-rent/service/flat/store.go:67.16,70.3 2 0
github.com/delapaska/avito-rent/service/flat/store.go:71.2,81.16 6 0
github.com/delapaska/avito-rent/service/flat/store.go:81.16,84.3 2 0
github.com/delapaska/avito-rent/service/flat/store.go:86.2,86.46 1 0
github.com/delapaska/avito-rent/service/flat/store.go:86.46,87.44 1 0
github.com/delapaska/avito-rent/service/flat/store.go:87.44,89.4 1 0
github.com/delapaska/avito-rent/service/flat/store.go:90.3,95.17 3 0
github.com/delapaska/avito-rent/service/flat/store.go:95.17,98.4 2 0
github.com/delapaska/avito-rent/service/flat/store.go:99.8,100.49 1 0
github.com/delapaska/avito-rent/service/flat/store.go:100.49,102.4 1 0
github.com/delapaska/avito-rent/service/flat/store.go:103.3,103.83 1 0
github.com/delapaska/avito-rent/service/flat/store.go:103.83,105.4 1 0
github.com/delapaska/avito-rent/service/flat/store.go:106.3,106.35 1 0
github.com/delapaska/avito-rent/service/flat/store.go:106.35,108.4 1 0
github.com/delapaska/avito-rent/service/flat/store.go:109.3,114.17 3 0
github.com/delapaska/avito-rent/service/flat/store.go:114.17,117.4 2 0
github.com/delapaska/avito-rent/service/flat/store.go:120.2,120.36 1 0
github.com/delapaska/avito-rent/service/flat/store.go:120.36,123.3 2 0
github.com/delapaska/avito-rent/service/flat/store.go:125.2,137.16 4 0
github.com/delapaska/avito-rent/service/flat/store.go:137.16,140.3 2 0
github.com/delapaska/avito-rent/service/flat/store.go:142.2,142.25 1 0
github.com/delapaska/avito-rent/utils/utils.go:14.51,15.22 1 1
github.com/delapaska/avito-rent/utils/utils.go:15.22,17.3 1 0
github.com/delapaska/avito-rent/utils/utils.go:19.2,19.56 1 1
github.com/delapaska/avito-rent/utils/utils.go:22.57,27.2 3 1
github.com/delapaska/avito-rent/utils/utils.go:29.56,33.2 1 0
github.com/delapaska/avito-rent/utils/utils.go:34.57,36.66 2 1
github.com/delapaska/avito-rent/utils/utils.go:36.66,37.47 1 1
github.com/delapaska/avito-rent/utils/utils.go:37.47,41.4 3 1
github.com/delapaska/avito-rent/utils/utils.go:43.2,43.15 1 1
github.com/delapaska/avito-rent/utils/utils.go:14.51,15.22 1 0
github.com/delapaska/avito-rent/utils/utils.go:15.22,17.3 1 0
github.com/delapaska/avito-rent/utils/utils.go:19.2,19.56 1 0
github.com/delapaska/avito-rent/utils/utils.go:22.57,27.2 3 0
github.com/delapaska/avito-rent/utils/utils.go:29.56,33.2 1 0
github.com/delapaska/avito-rent/utils/utils.go:34.57,36.66 2 0
github.com/delapaska/avito-rent/utils/utils.go:36.66,37.47 1 0
github.com/delapaska/avito-rent/utils/utils.go:37.47,41.4 3 0
github.com/delapaska/avito-rent/utils/utils.go:43.2,43.15 1 0
github.com/delapaska/avito-rent/configs/envs.go:24.26,36.2 2 1
github.com/delapaska/avito-rent/configs/envs.go:38.42,39.40 1 1
github.com/delapaska/avito-rent/configs/envs.go:39.40,41.3 1 0
github.com/delapaska/avito-rent/configs/envs.go:43.2,43.17 1 1
github.com/delapaska/avito-rent/configs/envs.go:46.52,47.40 1 0
github.com/delapaska/avito-rent/configs/envs.go:47.40,49.17 2 0
github.com/delapaska/avito-rent/configs/envs.go:49.17,51.4 1 0
github.com/delapaska/avito-rent/configs/envs.go:53.3,53.11 1 0
github.com/delapaska/avito-rent/configs/envs.go:56.2,56.17 1 0
github.com/delapaska/avito-rent/middleware/auth.go:16.69,18.16 2 0
github.com/delapaska/avito-rent/middleware/auth.go:18.16,20.3 1 0
github.com/delapaska/avito-rent/middleware/auth.go:22.2,31.59 3 0
github.com/delapaska/avito-rent/middleware/auth.go:34.61,35.30 1 0
github.com/delapaska/avito-rent/middleware/auth.go:35.30,38.23 3 0
github.com/delapaska/avito-rent/middleware/auth.go:38.23,47.4 4 0
github.com/delapaska/avito-rent/middleware/auth.go:49.3,51.102 3 0
github.com/delapaska/avito-rent/middleware/auth.go:51.102,53.4 1 0
github.com/delapaska/avito-rent/middleware/auth.go:55.3,55.33 1 0
github.com/delapaska/avito-rent/middleware/auth.go:55.33,64.4 4 0
github.com/delapaska/avito-rent/middleware/auth.go:66.3,66.37 1 0
github.com/delapaska/avito-rent/middleware/auth.go:66.37,67.31 1 0
github.com/delapaska/avito-rent/middleware/auth.go:67.31,69.19 2 0
github.com/delapaska/avito-rent/middleware/auth.go:69.19,77.6 3 0
github.com/delapaska/avito-rent/middleware/auth.go:78.5,81.11 4 0
github.com/delapaska/avito-rent/middleware/auth.go:85.3,90.12 2 0
github.com/delapaska/avito-rent/middleware/password.go:5.52,7.16 2 0
github.com/delapaska/avito-rent/middleware/password.go:7.16,9.3 1 0
github.com/delapaska/avito-rent/middleware/password.go:10.2,10.26 1 0
github.com/delapaska/avito-rent/middleware/password.go:13.57,16.2 2 0
github.com/delapaska/avito-rent/middleware/request.go:10.42,11.30 1 0
github.com/delapaska/avito-rent/middleware/request.go:11.30,18.3 6 0
github.com/delapaska/avito-rent/middleware/role.go:5.39,6.53 1 0
github.com/delapaska/avito-rent/middleware/role.go:6.53,8.3 1 0
github.com/delapaska/avito-rent/middleware/role.go:9.2,9.12 1 0
github.com/delapaska/avito-rent/middleware/status.go:15.37,18.2 2 0
github.com/delapaska/avito-rent/sender/sender.go:13.20,15.2 1 0
github.com/delapaska/avito-rent/sender/sender.go:17.89,23.39 4 0
github.com/delapaska/avito-rent/sender/sender.go:23.39,25.3 1 0
github.com/delapaska/avito-rent/sender/sender.go:27.2,29.12 2 0
github.com/delapaska/avito-rent/service/house/routes.go:20.51,22.2 1 0
github.com/delapaska/avito-rent/service/house/routes.go:24.54,28.2 3 0
github.com/delapaska/avito-rent/service/house/routes.go:28.2,30.3 1 0
github.com/delapaska/avito-rent/service/house/routes.go:31.2,33.2 3 0
github.com/delapaska/avito-rent/service/house/routes.go:33.2,36.3 2 0
github.com/delapaska/avito-rent/service/house/routes.go:39.53,42.53 3 0
github.com/delapaska/avito-rent/service/house/routes.go:42.53,50.3 3 0
github.com/delapaska/avito-rent/service/house/routes.go:52.2,52.55 1 0
github.com/delapaska/avito-rent/service/house/routes.go:52.55,61.3 4 0
github.com/delapaska/avito-rent/service/house/routes.go:63.2,68.16 2 0
github.com/delapaska/avito-rent/service/house/routes.go:68.16,76.3 3 0
github.com/delapaska/avito-rent/service/house/routes.go:78.2,78.42 1 0
github.com/delapaska/avito-rent/service/house/routes.go:81.55,88.16 5 1
github.com/delapaska/avito-rent/service/house/routes.go:88.16,97.3 4 1
github.com/delapaska/avito-rent/service/house/routes.go:99.2,100.25 1 1
github.com/delapaska/avito-rent/service/house/routes.go:103.56,109.53 4 0
github.com/delapaska/avito-rent/service/house/routes.go:109.53,117.3 3 0
github.com/delapaska/avito-rent/service/house/routes.go:119.2,119.55 1 0
github.com/delapaska/avito-rent/service/house/routes.go:119.55,128.3 4 0
github.com/delapaska/avito-rent/service/house/routes.go:130.2,131.16 2 0
github.com/delapaska/avito-rent/service/house/routes.go:131.16,139.3 3 0
github.com/delapaska/avito-rent/service/house/routes.go:141.2,147.41 2 0
github.com/delapaska/avito-rent/service/house/routes.go:150.60,157.16 5 0
github.com/delapaska/avito-rent/service/house/routes.go:157.16,159.3 1 0
github.com/delapaska/avito-rent/service/house/store.go:15.34,17.2 1 1
github.com/delapaska/avito-rent/service/house/store.go:18.71,34.16 4 0
github.com/delapaska/avito-rent/service/house/store.go:34.16,37.3 2 0
github.com/delapaska/avito-rent/service/house/store.go:39.2,39.27 1 0
github.com/delapaska/avito-rent/service/house/store.go:42.87,46.29 3 1
github.com/delapaska/avito-rent/service/house/store.go:46.29,53.3 2 1
github.com/delapaska/avito-rent/service/house/store.go:53.8,60.3 2 1
github.com/delapaska/avito-rent/service/house/store.go:62.2,63.16 2 1
github.com/delapaska/avito-rent/service/house/store.go:63.16,66.3 2 1
github.com/delapaska/avito-rent/service/house/store.go:67.2,70.18 3 1
github.com/delapaska/avito-rent/service/house/store.go:70.18,72.101 2 1
github.com/delapaska/avito-rent/service/house/store.go:72.101,75.4 2 0
github.com/delapaska/avito-rent/service/house/store.go:76.3,76.30 1 1
github.com/delapaska/avito-rent/service/house/store.go:79.2,79.35 1 1
github.com/delapaska/avito-rent/service/house/store.go:79.35,82.3 2 0
github.com/delapaska/avito-rent/service/house/store.go:84.2,84.19 1 1
github.com/delapaska/avito-rent/service/house/store.go:86.62,89.2 2 0
github.com/delapaska/avito-rent/utils/utils.go:14.51,15.22 1 0
github.com/delapaska/avito-rent/utils/utils.go:15.22,17.3 1 0
github.com/delapaska/avito-rent/utils/utils.go:19.2,19.56 1 0
github.com/delapaska/avito-rent/utils/utils.go:22.57,27.2 3 1
github.com/delapaska/avito-rent/utils/utils.go:29.56,33.2 1 1
github.com/delapaska/avito-rent/utils/utils.go:34.57,36.66 2 0
github.com/delapaska/avito-rent/utils/utils.go:36.66,37.47 1 0
github.com/delapaska/avito-rent/utils/utils.go:37.47,41.4 3 0
github.com/delapaska/avito-rent/utils/utils.go:43.2,43.15 1 0
